This file contains any messages produced by compilers while
running configure, to aid debugging if configure makes a mistake.

It was created by configure, which was
generated by GNU Autoconf 2.61.  Invocation command line was

  $ ./configure --disable-shared --enable-static

## --------- ##
## Platform. ##
## --------- ##

hostname = ns1.yayakoshi.net
uname -m = i686
uname -r = 2.6.25.10-86.fc9.i686
uname -s = Linux
uname -v = #1 SMP Mon Jul 7 20:46:03 EDT 2008

/usr/bin/uname -p = unknown
/bin/uname -X     = unknown

/bin/arch              = i686
/usr/bin/arch -k       = unknown
/usr/convex/getsysinfo = unknown
/usr/bin/hostinfo      = unknown
/bin/machine           = unknown
/usr/bin/oslevel       = unknown
/bin/universe          = unknown

PATH: /usr/lib/qt-3.3/bin
PATH: /usr/kerberos/bin
PATH: /usr/lib/ccache
PATH: /usr/local/bin
PATH: /bin
PATH: /usr/bin
PATH: /home/akira/bin


## ----------- ##
## Core tests. ##
## ----------- ##

configure:1987: checking for a BSD-compatible install
configure:2043: result: /usr/bin/install -c
configure:2054: checking whether build environment is sane
configure:2097: result: yes
configure:2125: checking for a thread-safe mkdir -p
configure:2164: result: /bin/mkdir -p
configure:2177: checking for gawk
configure:2193: found /bin/gawk
configure:2204: result: gawk
configure:2215: checking whether make sets $(MAKE)
configure:2236: result: yes
configure:2486: checking for gcc
configure:2502: found /usr/lib/ccache/gcc
configure:2513: result: gcc
configure:2751: checking for C compiler version
configure:2758: gcc --version >&5
gcc (GCC) 4.3.0 20080428 (Red Hat 4.3.0-8)
Copyright (C) 2008 Free Software Foundation, Inc.
This is free software; see the source for copying conditions.  There is NO
warranty; not even for MERCHANTABILITY or FITNESS FOR A PARTICULAR PURPOSE.

configure:2761: $? = 0
configure:2768: gcc -v >&5
Using built-in specs.
Target: i386-redhat-linux
Configured with: ../configure --prefix=/usr --mandir=/usr/share/man --infodir=/usr/share/info --with-bugurl=http://bugzilla.redhat.com/bugzilla --enable-bootstrap --enable-shared --enable-threads=posix --enable-checking=release --with-system-zlib --enable-__cxa_atexit --disable-libunwind-exceptions --enable-languages=c,c++,objc,obj-c++,java,fortran,ada --enable-java-awt=gtk --disable-dssi --enable-plugin --with-java-home=/usr/lib/jvm/java-1.5.0-gcj-1.5.0.0/jre --enable-libgcj-multifile --enable-java-maintainer-mode --with-ecj-jar=/usr/share/java/eclipse-ecj.jar --disable-libjava-multilib --with-cpu=generic --build=i386-redhat-linux
Thread model: posix
gcc version 4.3.0 20080428 (Red Hat 4.3.0-8) (GCC) 
configure:2771: $? = 0
configure:2778: gcc -V >&5
gcc: '-V' option must have argument
configure:2781: $? = 1
configure:2804: checking for C compiler default output file name
configure:2831: gcc    conftest.c  >&5
configure:2834: $? = 0
configure:2872: result: a.out
configure:2889: checking whether the C compiler works
configure:2899: ./a.out
configure:2902: $? = 0
configure:2919: result: yes
configure:2926: checking whether we are cross compiling
configure:2928: result: no
configure:2931: checking for suffix of executables
configure:2938: gcc -o conftest    conftest.c  >&5
configure:2941: $? = 0
configure:2965: result: 
configure:2971: checking for suffix of object files
configure:2997: gcc -c   conftest.c >&5
configure:3000: $? = 0
configure:3023: result: o
configure:3027: checking whether we are using the GNU C compiler
configure:3056: gcc -c   conftest.c >&5
configure:3062: $? = 0
configure:3079: result: yes
configure:3084: checking whether gcc accepts -g
configure:3114: gcc -c -g  conftest.c >&5
configure:3120: $? = 0
configure:3219: result: yes
configure:3236: checking for gcc option to accept ISO C89
configure:3310: gcc  -c -g -O2  conftest.c >&5
configure:3316: $? = 0
configure:3339: result: none needed
configure:3368: checking for style of include used by make
configure:3396: result: GNU
configure:3421: checking dependency style of gcc
configure:3512: result: none
configure:3585: checking for g++
configure:3601: found /usr/lib/ccache/g++
configure:3612: result: g++
configure:3643: checking for C++ compiler version
configure:3650: g++ --version >&5
g++ (GCC) 4.3.0 20080428 (Red Hat 4.3.0-8)
Copyright (C) 2008 Free Software Foundation, Inc.
This is free software; see the source for copying conditions.  There is NO
warranty; not even for MERCHANTABILITY or FITNESS FOR A PARTICULAR PURPOSE.

configure:3653: $? = 0
configure:3660: g++ -v >&5
Using built-in specs.
Target: i386-redhat-linux
Configured with: ../configure --prefix=/usr --mandir=/usr/share/man --infodir=/usr/share/info --with-bugurl=http://bugzilla.redhat.com/bugzilla --enable-bootstrap --enable-shared --enable-threads=posix --enable-checking=release --with-system-zlib --enable-__cxa_atexit --disable-libunwind-exceptions --enable-languages=c,c++,objc,obj-c++,java,fortran,ada --enable-java-awt=gtk --disable-dssi --enable-plugin --with-java-home=/usr/lib/jvm/java-1.5.0-gcj-1.5.0.0/jre --enable-libgcj-multifile --enable-java-maintainer-mode --with-ecj-jar=/usr/share/java/eclipse-ecj.jar --disable-libjava-multilib --with-cpu=generic --build=i386-redhat-linux
Thread model: posix
gcc version 4.3.0 20080428 (Red Hat 4.3.0-8) (GCC) 
configure:3663: $? = 0
configure:3670: g++ -V >&5
g++: '-V' option must have argument
configure:3673: $? = 1
configure:3676: checking whether we are using the GNU C++ compiler
configure:3705: g++ -c   conftest.cpp >&5
configure:3711: $? = 0
configure:3728: result: yes
configure:3733: checking whether g++ accepts -g
configure:3763: g++ -c -g  conftest.cpp >&5
configure:3769: $? = 0
configure:3868: result: yes
configure:3893: checking dependency style of g++
configure:3984: result: none
configure:4005: checking how to run the C preprocessor
configure:4045: gcc -E  conftest.c
configure:4051: $? = 0
configure:4082: gcc -E  conftest.c
conftest.c:10:28: error: ac_nonexistent.h: No such file or directory
configure:4088: $? = 1
configure: failed program was:
| /* confdefs.h.  */
| #define PACKAGE_NAME ""
| #define PACKAGE_TARNAME ""
| #define PACKAGE_VERSION ""
| #define PACKAGE_STRING ""
| #define PACKAGE_BUGREPORT ""
| #define PACKAGE "mecab"
| #define VERSION "0.97"
| /* end confdefs.h.  */
| #include <ac_nonexistent.h>
configure:4121: result: gcc -E
configure:4150: gcc -E  conftest.c
configure:4156: $? = 0
configure:4187: gcc -E  conftest.c
conftest.c:10:28: error: ac_nonexistent.h: No such file or directory
configure:4193: $? = 1
configure: failed program was:
| /* confdefs.h.  */
| #define PACKAGE_NAME ""
| #define PACKAGE_TARNAME ""
| #define PACKAGE_VERSION ""
| #define PACKAGE_STRING ""
| #define PACKAGE_BUGREPORT ""
| #define PACKAGE "mecab"
| #define VERSION "0.97"
| /* end confdefs.h.  */
| #include <ac_nonexistent.h>
configure:4231: checking for grep that handles long lines and -e
configure:4305: result: /bin/grep
configure:4310: checking for egrep
configure:4388: result: /bin/grep -E
configure:4394: checking whether gcc needs -traditional
configure:4436: result: no
configure:4443: checking whether make sets $(MAKE)
configure:4464: result: yes
configure:4553: checking build system type
configure:4571: result: i686-pc-linux-gnu
configure:4593: checking host system type
configure:4608: result: i686-pc-linux-gnu
configure:4630: checking for a sed that does not truncate output
configure:4686: result: /bin/sed
configure:4700: checking for ld used by gcc
configure:4767: result: /usr/bin/ld
configure:4776: checking if the linker (/usr/bin/ld) is GNU ld
configure:4791: result: yes
configure:4796: checking for /usr/bin/ld option to reload object files
configure:4803: result: -r
configure:4821: checking for BSD-compatible nm
configure:4870: result: /usr/bin/nm -B
configure:4874: checking whether ln -s works
configure:4878: result: yes
configure:4885: checking how to recognize dependent libraries
configure:5071: result: pass_all
configure:5596: checking for ANSI C header files
configure:5626: gcc -c -g -O2  conftest.c >&5
configure:5632: $? = 0
configure:5731: gcc -o conftest -g -O2   conftest.c  >&5
configure:5734: $? = 0
configure:5740: ./conftest
configure:5743: $? = 0
configure:5760: result: yes
configure:5784: checking for sys/types.h
configure:5805: gcc -c -g -O2  conftest.c >&5
configure:5811: $? = 0
configure:5827: result: yes
configure:5784: checking for sys/stat.h
configure:5805: gcc -c -g -O2  conftest.c >&5
configure:5811: $? = 0
configure:5827: result: yes
configure:5784: checking for stdlib.h
configure:5805: gcc -c -g -O2  conftest.c >&5
configure:5811: $? = 0
configure:5827: result: yes
configure:5784: checking for string.h
configure:5805: gcc -c -g -O2  conftest.c >&5
configure:5811: $? = 0
configure:5827: result: yes
configure:5784: checking for memory.h
configure:5805: gcc -c -g -O2  conftest.c >&5
configure:5811: $? = 0
configure:5827: result: yes
configure:5784: checking for strings.h
configure:5805: gcc -c -g -O2  conftest.c >&5
configure:5811: $? = 0
configure:5827: result: yes
configure:5784: checking for inttypes.h
configure:5805: gcc -c -g -O2  conftest.c >&5
configure:5811: $? = 0
configure:5827: result: yes
configure:5784: checking for stdint.h
configure:5805: gcc -c -g -O2  conftest.c >&5
configure:5811: $? = 0
configure:5827: result: yes
configure:5784: checking for unistd.h
configure:5805: gcc -c -g -O2  conftest.c >&5
configure:5811: $? = 0
configure:5827: result: yes
configure:5854: checking dlfcn.h usability
configure:5871: gcc -c -g -O2  conftest.c >&5
configure:5877: $? = 0
configure:5891: result: yes
configure:5895: checking dlfcn.h presence
configure:5910: gcc -E  conftest.c
configure:5916: $? = 0
configure:5930: result: yes
configure:5958: checking for dlfcn.h
configure:5966: result: yes
configure:5989: checking how to run the C++ preprocessor
configure:6025: g++ -E  conftest.cpp
configure:6031: $? = 0
configure:6062: g++ -E  conftest.cpp
conftest.cpp:21:28: error: ac_nonexistent.h: No such file or directory
configure:6068: $? = 1
configure: failed program was:
| /* confdefs.h.  */
| #define PACKAGE_NAME ""
| #define PACKAGE_TARNAME ""
| #define PACKAGE_VERSION ""
| #define PACKAGE_STRING ""
| #define PACKAGE_BUGREPORT ""
| #define PACKAGE "mecab"
| #define VERSION "0.97"
| #define STDC_HEADERS 1
| #define HAVE_SYS_TYPES_H 1
| #define HAVE_SYS_STAT_H 1
| #define HAVE_STDLIB_H 1
| #define HAVE_STRING_H 1
| #define HAVE_MEMORY_H 1
| #define HAVE_STRINGS_H 1
| #define HAVE_INTTYPES_H 1
| #define HAVE_STDINT_H 1
| #define HAVE_UNISTD_H 1
| #define HAVE_DLFCN_H 1
| /* end confdefs.h.  */
| #include <ac_nonexistent.h>
configure:6101: result: g++ -E
configure:6130: g++ -E  conftest.cpp
configure:6136: $? = 0
configure:6167: g++ -E  conftest.cpp
conftest.cpp:21:28: error: ac_nonexistent.h: No such file or directory
configure:6173: $? = 1
configure: failed program was:
| /* confdefs.h.  */
| #define PACKAGE_NAME ""
| #define PACKAGE_TARNAME ""
| #define PACKAGE_VERSION ""
| #define PACKAGE_STRING ""
| #define PACKAGE_BUGREPORT ""
| #define PACKAGE "mecab"
| #define VERSION "0.97"
| #define STDC_HEADERS 1
| #define HAVE_SYS_TYPES_H 1
| #define HAVE_SYS_STAT_H 1
| #define HAVE_STDLIB_H 1
| #define HAVE_STRING_H 1
| #define HAVE_MEMORY_H 1
| #define HAVE_STRINGS_H 1
| #define HAVE_INTTYPES_H 1
| #define HAVE_STDINT_H 1
| #define HAVE_UNISTD_H 1
| #define HAVE_DLFCN_H 1
| /* end confdefs.h.  */
| #include <ac_nonexistent.h>
configure:6266: checking for g77
configure:6296: result: no
configure:6266: checking for xlf
configure:6296: result: no
configure:6266: checking for f77
configure:6296: result: no
configure:6266: checking for frt
configure:6296: result: no
configure:6266: checking for pgf77
configure:6296: result: no
configure:6266: checking for cf77
configure:6296: result: no
configure:6266: checking for fort77
configure:6296: result: no
configure:6266: checking for fl32
configure:6296: result: no
configure:6266: checking for af77
configure:6296: result: no
configure:6266: checking for xlf90
configure:6296: result: no
configure:6266: checking for f90
configure:6296: result: no
configure:6266: checking for pgf90
configure:6296: result: no
configure:6266: checking for pghpf
configure:6296: result: no
configure:6266: checking for epcf90
configure:6296: result: no
configure:6266: checking for gfortran
configure:6282: found /usr/bin/gfortran
configure:6293: result: gfortran
configure:6323: checking for Fortran 77 compiler version
configure:6330: gfortran --version >&5
GNU Fortran (GCC) 4.3.0 20080428 (Red Hat 4.3.0-8)
Copyright (C) 2008 Free Software Foundation, Inc.

GNU Fortran comes with NO WARRANTY, to the extent permitted by law.
You may redistribute copies of GNU Fortran
under the terms of the GNU General Public License.
For more information about these matters, see the file named COPYING

configure:6333: $? = 0
configure:6340: gfortran -v >&5
Using built-in specs.
Target: i386-redhat-linux
Configured with: ../configure --prefix=/usr --mandir=/usr/share/man --infodir=/usr/share/info --with-bugurl=http://bugzilla.redhat.com/bugzilla --enable-bootstrap --enable-shared --enable-threads=posix --enable-checking=release --with-system-zlib --enable-__cxa_atexit --disable-libunwind-exceptions --enable-languages=c,c++,objc,obj-c++,java,fortran,ada --enable-java-awt=gtk --disable-dssi --enable-plugin --with-java-home=/usr/lib/jvm/java-1.5.0-gcj-1.5.0.0/jre --enable-libgcj-multifile --enable-java-maintainer-mode --with-ecj-jar=/usr/share/java/eclipse-ecj.jar --disable-libjava-multilib --with-cpu=generic --build=i386-redhat-linux
Thread model: posix
gcc version 4.3.0 20080428 (Red Hat 4.3.0-8) (GCC) 
configure:6343: $? = 0
configure:6350: gfortran -V >&5
gfortran: '-V' option must have argument
configure:6353: $? = 1
configure:6361: checking whether we are using the GNU Fortran 77 compiler
configure:6380: gfortran -c  conftest.F >&5
configure:6386: $? = 0
configure:6403: result: yes
configure:6409: checking whether gfortran accepts -g
configure:6426: gfortran -c -g conftest.f >&5
configure:6432: $? = 0
configure:6448: result: yes
configure:6478: checking the maximum length of command line arguments
configure:6590: result: 1966080
configure:6602: checking command to parse /usr/bin/nm -B output from gcc object
configure:6707: gcc -c -g -O2  conftest.c >&5
configure:6710: $? = 0
configure:6714: /usr/bin/nm -B conftest.o \| sed -n -e 's/^.*[ 	]\([ABCDGIRSTW][ABCDGIRSTW]*\)[ 	][ 	]*\([_A-Za-z][_A-Za-z0-9]*\)$/\1 \2 \2/p' \> conftest.nm
configure:6717: $? = 0
configure:6769: gcc -o conftest -g -O2   conftest.c conftstm.o >&5
configure:6772: $? = 0
configure:6810: result: ok
configure:6814: checking for objdir
configure:6829: result: .libs
configure:6921: checking for ar
configure:6937: found /usr/bin/ar
configure:6948: result: ar
configure:7017: checking for ranlib
configure:7033: found /usr/bin/ranlib
configure:7044: result: ranlib
configure:7113: checking for strip
configure:7129: found /usr/bin/strip
configure:7140: result: strip
configure:7426: checking if gcc supports -fno-rtti -fno-exceptions
configure:7444: gcc -c -g -O2  -fno-rtti -fno-exceptions conftest.c >&5
cc1: warning: command line option "-fno-rtti" is valid for C++/ObjC++ but not for C
cc1: warning: command line option "-fno-rtti" is valid for C++/ObjC++ but not for C
configure:7448: $? = 0
configure:7461: result: no
configure:7476: checking for gcc option to produce PIC
configure:7708: result: -fPIC
configure:7716: checking if gcc PIC flag -fPIC works
configure:7734: gcc -c -g -O2  -fPIC -DPIC conftest.c >&5
configure:7738: $? = 0
configure:7751: result: yes
configure:7779: checking if gcc static flag -static works
configure:7807: result: yes
configure:7817: checking if gcc supports -c -o file.o
configure:7838: gcc -c -g -O2  -o out/conftest2.o conftest.c >&5
configure:7842: $? = 0
configure:7864: result: yes
configure:7890: checking whether the gcc linker (/usr/bin/ld) supports shared libraries
configure:8871: result: yes
configure:8938: checking dynamic linker characteristics
configure:9552: result: GNU/Linux ld.so
configure:9561: checking how to hardcode library paths into programs
configure:9586: result: immediate
configure:9600: checking whether stripping libraries is possible
configure:9605: result: yes
configure:10407: checking if libtool supports shared libraries
configure:10409: result: yes
configure:10412: checking whether to build shared libraries
configure:10433: result: no
configure:10436: checking whether to build static libraries
configure:10440: result: yes
configure:10533: creating libtool
configure:11121: checking for ld used by g++
configure:11188: result: /usr/bin/ld
configure:11197: checking if the linker (/usr/bin/ld) is GNU ld
configure:11212: result: yes
configure:11263: checking whether the g++ linker (/usr/bin/ld) supports shared libraries
configure:12237: result: yes
configure:12255: g++ -c -g -O2  conftest.cpp >&5
configure:12258: $? = 0
configure:12410: checking for g++ option to produce PIC
configure:12694: result: -fPIC
configure:12702: checking if g++ PIC flag -fPIC works
configure:12720: g++ -c -g -O2  -fPIC -DPIC conftest.cpp >&5
configure:12724: $? = 0
configure:12737: result: yes
configure:12765: checking if g++ static flag -static works
configure:12793: result: yes
configure:12803: checking if g++ supports -c -o file.o
configure:12824: g++ -c -g -O2  -o out/conftest2.o conftest.cpp >&5
configure:12828: $? = 0
configure:12850: result: yes
configure:12876: checking whether the g++ linker (/usr/bin/ld) supports shared libraries
configure:12904: result: yes
configure:12971: checking dynamic linker characteristics
configure:13533: result: GNU/Linux ld.so
configure:13542: checking how to hardcode library paths into programs
configure:13567: result: immediate
configure:14101: checking if libtool supports shared libraries
configure:14103: result: yes
configure:14106: checking whether to build shared libraries
configure:14126: result: no
configure:14129: checking whether to build static libraries
configure:14133: result: yes
configure:14143: checking for gfortran option to produce PIC
configure:14375: result: -fPIC
configure:14383: checking if gfortran PIC flag -fPIC works
configure:14401: gfortran -c -g -O2 -fPIC conftest.f >&5
configure:14405: $? = 0
configure:14418: result: yes
configure:14446: checking if gfortran static flag -static works
configure:14474: result: yes
configure:14484: checking if gfortran supports -c -o file.o
configure:14505: gfortran -c -g -O2 -o out/conftest2.o conftest.f >&5
configure:14509: $? = 0
configure:14531: result: yes
configure:14557: checking whether the gfortran linker (/usr/bin/ld) supports shared libraries
configure:15518: result: yes
configure:15585: checking dynamic linker characteristics
configure:16147: result: GNU/Linux ld.so
configure:16156: checking how to hardcode library paths into programs
configure:16181: result: immediate
configure:19764: checking for library containing strerror
configure:19805: gcc -o conftest -g -O2   conftest.c  >&5
configure:19811: $? = 0
configure:19839: result: none required
configure:19847: checking host system type
configure:19862: result: i686-pc-linux-gnu
configure:19929: checking for ld used by GCC
configure:19993: result: /usr/bin/ld
configure:20002: checking if the linker (/usr/bin/ld) is GNU ld
configure:20015: result: yes
configure:20022: checking for shared library run path origin
configure:20035: result: done
configure:20499: checking for iconv
configure:20531: gcc -o conftest -g -O2   conftest.c  >&5
configure:20537: $? = 0
configure:20607: result: yes
configure:20630: checking for iconv declaration
configure:20669: gcc -c -g -O2  conftest.c >&5
configure:20675: $? = 0
configure:20694: result: 
         extern size_t iconv (iconv_t cd, char * *inbuf, size_t *inbytesleft, char * *outbuf, size_t *outbytesleft);
configure:20716: checking for ANSI C header files
configure:20880: result: yes
configure:20890: checking for an ANSI C-conforming const
configure:20965: gcc -c -g -O2  conftest.c >&5
configure:20971: $? = 0
configure:20986: result: yes
configure:20996: checking whether byte ordering is bigendian
configure:21029: gcc -c -g -O2  conftest.c >&5
configure:21035: $? = 0
configure:21067: gcc -c -g -O2  conftest.c >&5
conftest.c: In function 'main':
conftest.c:31: error: 'not' undeclared (first use in this function)
conftest.c:31: error: (Each undeclared identifier is reported only once
conftest.c:31: error: for each function it appears in.)
conftest.c:31: error: expected ';' before 'big'
configure:21073: $? = 1
configure: failed program was:
| /* confdefs.h.  */
| #define PACKAGE_NAME ""
| #define PACKAGE_TARNAME ""
| #define PACKAGE_VERSION ""
| #define PACKAGE_STRING ""
| #define PACKAGE_BUGREPORT ""
| #define PACKAGE "mecab"
| #define VERSION "0.97"
| #define STDC_HEADERS 1
| #define HAVE_SYS_TYPES_H 1
| #define HAVE_SYS_STAT_H 1
| #define HAVE_STDLIB_H 1
| #define HAVE_STRING_H 1
| #define HAVE_MEMORY_H 1
| #define HAVE_STRINGS_H 1
| #define HAVE_INTTYPES_H 1
| #define HAVE_STDINT_H 1
| #define HAVE_UNISTD_H 1
| #define HAVE_DLFCN_H 1
| #define HAVE_ICONV 1
| #define ICONV_CONST 
| #define STDC_HEADERS 1
| /* end confdefs.h.  */
| #include <sys/types.h>
| #include <sys/param.h>
| 
| int
| main ()
| {
| #if BYTE_ORDER != BIG_ENDIAN
|  not big endian
| #endif
| 
|   ;
|   return 0;
| }
configure:21213: result: no
configure:21253: checking for string.h
configure:21259: result: yes
configure:21253: checking for stdlib.h
configure:21259: result: yes
configure:21253: checking for unistd.h
configure:21259: result: yes
configure:21263: checking fcntl.h usability
configure:21280: gcc -c -g -O2  conftest.c >&5
configure:21286: $? = 0
configure:21300: result: yes
configure:21304: checking fcntl.h presence
configure:21319: gcc -E  conftest.c
configure:21325: $? = 0
configure:21339: result: yes
configure:21367: checking for fcntl.h
configure:21375: result: yes
configure:21253: checking for sys/stat.h
configure:21259: result: yes
configure:21263: checking sys/mman.h usability
configure:21280: gcc -c -g -O2  conftest.c >&5
configure:21286: $? = 0
configure:21300: result: yes
configure:21304: checking sys/mman.h presence
configure:21319: gcc -E  conftest.c
configure:21325: $? = 0
configure:21339: result: yes
configure:21367: checking for sys/mman.h
configure:21375: result: yes
configure:21263: checking sys/times.h usability
configure:21280: gcc -c -g -O2  conftest.c >&5
configure:21286: $? = 0
configure:21300: result: yes
configure:21304: checking sys/times.h presence
configure:21319: gcc -E  conftest.c
configure:21325: $? = 0
configure:21339: result: yes
configure:21367: checking for sys/times.h
configure:21375: result: yes
configure:21253: checking for sys/types.h
configure:21259: result: yes
configure:21263: checking dirent.h usability
configure:21280: gcc -c -g -O2  conftest.c >&5
configure:21286: $? = 0
configure:21300: result: yes
configure:21304: checking dirent.h presence
configure:21319: gcc -E  conftest.c
configure:21325: $? = 0
configure:21339: result: yes
configure:21367: checking for dirent.h
configure:21375: result: yes
configure:21263: checking ctype.h usability
configure:21280: gcc -c -g -O2  conftest.c >&5
configure:21286: $? = 0
configure:21300: result: yes
configure:21304: checking ctype.h presence
configure:21319: gcc -E  conftest.c
configure:21325: $? = 0
configure:21339: result: yes
configure:21367: checking for ctype.h
configure:21375: result: yes
configure:21253: checking for sys/types.h
configure:21259: result: yes
configure:21263: checking io.h usability
configure:21280: gcc -c -g -O2  conftest.c >&5
conftest.c:68:16: error: io.h: No such file or directory
configure:21286: $? = 1
configure: failed program was:
| /* confdefs.h.  */
| #define PACKAGE_NAME ""
| #define PACKAGE_TARNAME ""
| #define PACKAGE_VERSION ""
| #define PACKAGE_STRING ""
| #define PACKAGE_BUGREPORT ""
| #define PACKAGE "mecab"
| #define VERSION "0.97"
| #define STDC_HEADERS 1
| #define HAVE_SYS_TYPES_H 1
| #define HAVE_SYS_STAT_H 1
| #define HAVE_STDLIB_H 1
| #define HAVE_STRING_H 1
| #define HAVE_MEMORY_H 1
| #define HAVE_STRINGS_H 1
| #define HAVE_INTTYPES_H 1
| #define HAVE_STDINT_H 1
| #define HAVE_UNISTD_H 1
| #define HAVE_DLFCN_H 1
| #define HAVE_ICONV 1
| #define ICONV_CONST 
| #define STDC_HEADERS 1
| #define HAVE_STRING_H 1
| #define HAVE_STDLIB_H 1
| #define HAVE_UNISTD_H 1
| #define HAVE_FCNTL_H 1
| #define HAVE_SYS_STAT_H 1
| #define HAVE_SYS_MMAN_H 1
| #define HAVE_SYS_TIMES_H 1
| #define HAVE_SYS_TYPES_H 1
| #define HAVE_DIRENT_H 1
| #define HAVE_CTYPE_H 1
| #define HAVE_SYS_TYPES_H 1
| /* end confdefs.h.  */
| #include <stdio.h>
| #ifdef HAVE_SYS_TYPES_H
| # include <sys/types.h>
| #endif
| #ifdef HAVE_SYS_STAT_H
| # include <sys/stat.h>
| #endif
| #ifdef STDC_HEADERS
| # include <stdlib.h>
| # include <stddef.h>
| #else
| # ifdef HAVE_STDLIB_H
| #  include <stdlib.h>
| # endif
| #endif
| #ifdef HAVE_STRING_H
| # if !defined STDC_HEADERS && defined HAVE_MEMORY_H
| #  include <memory.h>
| # endif
| # include <string.h>
| #endif
| #ifdef HAVE_STRINGS_H
| # include <strings.h>
| #endif
| #ifdef HAVE_INTTYPES_H
| # include <inttypes.h>
| #endif
| #ifdef HAVE_STDINT_H
| # include <stdint.h>
| #endif
| #ifdef HAVE_UNISTD_H
| # include <unistd.h>
| #endif
| #include <io.h>
configure:21300: result: no
configure:21304: checking io.h presence
configure:21319: gcc -E  conftest.c
conftest.c:35:16: error: io.h: No such file or directory
configure:21325: $? = 1
configure: failed program was:
| /* confdefs.h.  */
| #define PACKAGE_NAME ""
| #define PACKAGE_TARNAME ""
| #define PACKAGE_VERSION ""
| #define PACKAGE_STRING ""
| #define PACKAGE_BUGREPORT ""
| #define PACKAGE "mecab"
| #define VERSION "0.97"
| #define STDC_HEADERS 1
| #define HAVE_SYS_TYPES_H 1
| #define HAVE_SYS_STAT_H 1
| #define HAVE_STDLIB_H 1
| #define HAVE_STRING_H 1
| #define HAVE_MEMORY_H 1
| #define HAVE_STRINGS_H 1
| #define HAVE_INTTYPES_H 1
| #define HAVE_STDINT_H 1
| #define HAVE_UNISTD_H 1
| #define HAVE_DLFCN_H 1
| #define HAVE_ICONV 1
| #define ICONV_CONST 
| #define STDC_HEADERS 1
| #define HAVE_STRING_H 1
| #define HAVE_STDLIB_H 1
| #define HAVE_UNISTD_H 1
| #define HAVE_FCNTL_H 1
| #define HAVE_SYS_STAT_H 1
| #define HAVE_SYS_MMAN_H 1
| #define HAVE_SYS_TIMES_H 1
| #define HAVE_SYS_TYPES_H 1
| #define HAVE_DIRENT_H 1
| #define HAVE_CTYPE_H 1
| #define HAVE_SYS_TYPES_H 1
| /* end confdefs.h.  */
| #include <io.h>
configure:21339: result: no
configure:21367: checking for io.h
configure:21375: result: no
configure:21263: checking windows.h usability
configure:21280: gcc -c -g -O2  conftest.c >&5
conftest.c:68:21: error: windows.h: No such file or directory
configure:21286: $? = 1
configure: failed program was:
| /* confdefs.h.  */
| #define PACKAGE_NAME ""
| #define PACKAGE_TARNAME ""
| #define PACKAGE_VERSION ""
| #define PACKAGE_STRING ""
| #define PACKAGE_BUGREPORT ""
| #define PACKAGE "mecab"
| #define VERSION "0.97"
| #define STDC_HEADERS 1
| #define HAVE_SYS_TYPES_H 1
| #define HAVE_SYS_STAT_H 1
| #define HAVE_STDLIB_H 1
| #define HAVE_STRING_H 1
| #define HAVE_MEMORY_H 1
| #define HAVE_STRINGS_H 1
| #define HAVE_INTTYPES_H 1
| #define HAVE_STDINT_H 1
| #define HAVE_UNISTD_H 1
| #define HAVE_DLFCN_H 1
| #define HAVE_ICONV 1
| #define ICONV_CONST 
| #define STDC_HEADERS 1
| #define HAVE_STRING_H 1
| #define HAVE_STDLIB_H 1
| #define HAVE_UNISTD_H 1
| #define HAVE_FCNTL_H 1
| #define HAVE_SYS_STAT_H 1
| #define HAVE_SYS_MMAN_H 1
| #define HAVE_SYS_TIMES_H 1
| #define HAVE_SYS_TYPES_H 1
| #define HAVE_DIRENT_H 1
| #define HAVE_CTYPE_H 1
| #define HAVE_SYS_TYPES_H 1
| /* end confdefs.h.  */
| #include <stdio.h>
| #ifdef HAVE_SYS_TYPES_H
| # include <sys/types.h>
| #endif
| #ifdef HAVE_SYS_STAT_H
| # include <sys/stat.h>
| #endif
| #ifdef STDC_HEADERS
| # include <stdlib.h>
| # include <stddef.h>
| #else
| # ifdef HAVE_STDLIB_H
| #  include <stdlib.h>
| # endif
| #endif
| #ifdef HAVE_STRING_H
| # if !defined STDC_HEADERS && defined HAVE_MEMORY_H
| #  include <memory.h>
| # endif
| # include <string.h>
| #endif
| #ifdef HAVE_STRINGS_H
| # include <strings.h>
| #endif
| #ifdef HAVE_INTTYPES_H
| # include <inttypes.h>
| #endif
| #ifdef HAVE_STDINT_H
| # include <stdint.h>
| #endif
| #ifdef HAVE_UNISTD_H
| # include <unistd.h>
| #endif
| #include <windows.h>
configure:21300: result: no
configure:21304: checking windows.h presence
configure:21319: gcc -E  conftest.c
conftest.c:35:21: error: windows.h: No such file or directory
configure:21325: $? = 1
configure: failed program was:
| /* confdefs.h.  */
| #define PACKAGE_NAME ""
| #define PACKAGE_TARNAME ""
| #define PACKAGE_VERSION ""
| #define PACKAGE_STRING ""
| #define PACKAGE_BUGREPORT ""
| #define PACKAGE "mecab"
| #define VERSION "0.97"
| #define STDC_HEADERS 1
| #define HAVE_SYS_TYPES_H 1
| #define HAVE_SYS_STAT_H 1
| #define HAVE_STDLIB_H 1
| #define HAVE_STRING_H 1
| #define HAVE_MEMORY_H 1
| #define HAVE_STRINGS_H 1
| #define HAVE_INTTYPES_H 1
| #define HAVE_STDINT_H 1
| #define HAVE_UNISTD_H 1
| #define HAVE_DLFCN_H 1
| #define HAVE_ICONV 1
| #define ICONV_CONST 
| #define STDC_HEADERS 1
| #define HAVE_STRING_H 1
| #define HAVE_STDLIB_H 1
| #define HAVE_UNISTD_H 1
| #define HAVE_FCNTL_H 1
| #define HAVE_SYS_STAT_H 1
| #define HAVE_SYS_MMAN_H 1
| #define HAVE_SYS_TIMES_H 1
| #define HAVE_SYS_TYPES_H 1
| #define HAVE_DIRENT_H 1
| #define HAVE_CTYPE_H 1
| #define HAVE_SYS_TYPES_H 1
| /* end confdefs.h.  */
| #include <windows.h>
configure:21339: result: no
configure:21367: checking for windows.h
configure:21375: result: no
configure:21263: checking pthread.h usability
configure:21280: gcc -c -g -O2  conftest.c >&5
configure:21286: $? = 0
configure:21300: result: yes
configure:21304: checking pthread.h presence
configure:21319: gcc -E  conftest.c
configure:21325: $? = 0
configure:21339: result: yes
configure:21367: checking for pthread.h
configure:21375: result: yes
configure:21263: checking setjmp.h usability
configure:21280: gcc -c -g -O2  conftest.c >&5
configure:21286: $? = 0
configure:21300: result: yes
configure:21304: checking setjmp.h presence
configure:21319: gcc -E  conftest.c
configure:21325: $? = 0
configure:21339: result: yes
configure:21367: checking for setjmp.h
configure:21375: result: yes
configure:21388: checking for off_t
configure:21418: gcc -c -g -O2  conftest.c >&5
configure:21424: $? = 0
configure:21439: result: yes
configure:21451: checking for size_t
configure:21481: gcc -c -g -O2  conftest.c >&5
configure:21487: $? = 0
configure:21502: result: yes
configure:21514: checking for char
configure:21544: gcc -c -g -O2  conftest.c >&5
configure:21550: $? = 0
configure:21565: result: yes
configure:21572: checking size of char
configure:21874: gcc -o conftest -g -O2   conftest.c  >&5
configure:21877: $? = 0
configure:21883: ./conftest
configure:21886: $? = 0
configure:21909: result: 1
configure:21919: checking for short
configure:21949: gcc -c -g -O2  conftest.c >&5
configure:21955: $? = 0
configure:21970: result: yes
configure:21977: checking size of short
configure:22279: gcc -o conftest -g -O2   conftest.c  >&5
configure:22282: $? = 0
configure:22288: ./conftest
configure:22291: $? = 0
configure:22314: result: 2
configure:22324: checking for int
configure:22354: gcc -c -g -O2  conftest.c >&5
configure:22360: $? = 0
configure:22375: result: yes
configure:22382: checking size of int
configure:22684: gcc -o conftest -g -O2   conftest.c  >&5
configure:22687: $? = 0
configure:22693: ./conftest
configure:22696: $? = 0
configure:22719: result: 4
configure:22729: checking for long
configure:22759: gcc -c -g -O2  conftest.c >&5
configure:22765: $? = 0
configure:22780: result: yes
configure:22787: checking size of long
configure:23089: gcc -o conftest -g -O2   conftest.c  >&5
configure:23092: $? = 0
configure:23098: ./conftest
configure:23101: $? = 0
configure:23124: result: 4
configure:23134: checking for long long
configure:23164: gcc -c -g -O2  conftest.c >&5
configure:23170: $? = 0
configure:23185: result: yes
configure:23192: checking size of long long
configure:23494: gcc -o conftest -g -O2   conftest.c  >&5
configure:23497: $? = 0
configure:23503: ./conftest
configure:23506: $? = 0
configure:23529: result: 8
configure:23539: checking for size_t
configure:23590: result: yes
configure:23597: checking size of size_t
configure:23899: gcc -o conftest -g -O2   conftest.c  >&5
configure:23902: $? = 0
configure:23908: ./conftest
configure:23911: $? = 0
configure:23934: result: 4
configure:23944: checking for size_t
configure:23995: result: yes
configure:24014: checking for stdlib.h
configure:24020: result: yes
configure:24014: checking for unistd.h
configure:24020: result: yes
configure:24153: checking for getpagesize
configure:24209: gcc -o conftest -g -O2   conftest.c  >&5
configure:24215: $? = 0
configure:24233: result: yes
configure:24243: checking for working mmap
configure:24390: gcc -o conftest -g -O2   conftest.c  >&5
configure:24393: $? = 0
configure:24399: ./conftest
configure:24402: $? = 0
configure:24418: result: yes
configure:24429: checking for main in -lstdc++
configure:24458: gcc -o conftest -g -O2   conftest.c -lstdc++   >&5
configure:24464: $? = 0
configure:24482: result: yes
configure:24489: checking for pthread_create in -lpthread
configure:24524: gcc -o conftest -g -O2   conftest.c -lpthread   >&5
configure:24530: $? = 0
configure:24548: result: yes
configure:24560: checking for pthread_join in -lpthread
configure:24595: gcc -o conftest -g -O2   conftest.c -lpthread  -lpthread  >&5
configure:24601: $? = 0
configure:24619: result: yes
configure:24631: checking for pthread_mutex_lock in -lpthread
configure:24666: gcc -o conftest -g -O2   conftest.c -lpthread  -lpthread -lpthread  >&5
configure:24672: $? = 0
configure:24690: result: yes
configure:24702: checking for iconv_open in -liconv
configure:24737: gcc -o conftest -g -O2   conftest.c -liconv  -lpthread -lpthread -lpthread  >&5
/usr/bin/ld: cannot find -liconv
collect2: ld returned 1 exit status
configure:24743: $? = 1
configure: failed program was:
| /* confdefs.h.  */
| #define PACKAGE_NAME ""
| #define PACKAGE_TARNAME ""
| #define PACKAGE_VERSION ""
| #define PACKAGE_STRING ""
| #define PACKAGE_BUGREPORT ""
| #define PACKAGE "mecab"
| #define VERSION "0.97"
| #define STDC_HEADERS 1
| #define HAVE_SYS_TYPES_H 1
| #define HAVE_SYS_STAT_H 1
| #define HAVE_STDLIB_H 1
| #define HAVE_STRING_H 1
| #define HAVE_MEMORY_H 1
| #define HAVE_STRINGS_H 1
| #define HAVE_INTTYPES_H 1
| #define HAVE_STDINT_H 1
| #define HAVE_UNISTD_H 1
| #define HAVE_DLFCN_H 1
| #define HAVE_ICONV 1
| #define ICONV_CONST 
| #define STDC_HEADERS 1
| #define HAVE_STRING_H 1
| #define HAVE_STDLIB_H 1
| #define HAVE_UNISTD_H 1
| #define HAVE_FCNTL_H 1
| #define HAVE_SYS_STAT_H 1
| #define HAVE_SYS_MMAN_H 1
| #define HAVE_SYS_TIMES_H 1
| #define HAVE_SYS_TYPES_H 1
| #define HAVE_DIRENT_H 1
| #define HAVE_CTYPE_H 1
| #define HAVE_SYS_TYPES_H 1
| #define HAVE_PTHREAD_H 1
| #define HAVE_SETJMP_H 1
| #define SIZEOF_CHAR 1
| #define SIZEOF_SHORT 2
| #define SIZEOF_INT 4
| #define SIZEOF_LONG 4
| #define SIZEOF_LONG_LONG 8
| #define SIZEOF_SIZE_T 4
| #define HAVE_STDLIB_H 1
| #define HAVE_UNISTD_H 1
| #define HAVE_GETPAGESIZE 1
| #define HAVE_MMAP 1
| #define HAVE_LIBPTHREAD 1
| #define HAVE_LIBPTHREAD 1
| #define HAVE_LIBPTHREAD 1
| /* end confdefs.h.  */
| 
| /* Override any GCC internal prototype to avoid an error.
|    Use char because int might match the return type of a GCC
|    builtin and then its argument prototype would still apply.  */
| #ifdef __cplusplus
| extern "C"
| #endif
| char iconv_open ();
| int
| main ()
| {
| return iconv_open ();
|   ;
|   return 0;
| }
configure:24761: result: no
configure:24776: checking for getenv
configure:24832: gcc -o conftest -g -O2   conftest.c -lpthread -lpthread -lpthread  >&5
configure:24838: $? = 0
configure:24856: result: yes
configure:24870: checking for opendir
configure:24926: gcc -o conftest -g -O2   conftest.c -lpthread -lpthread -lpthread  >&5
configure:24932: $? = 0
configure:24950: result: yes
configure:24964: checking for setjmp
configure:25020: gcc -o conftest -g -O2   conftest.c -lpthread -lpthread -lpthread  >&5
configure:25026: $? = 0
configure:25044: result: yes
configure:25093: checking whether make is GNU Make
configure:25096: result: yes
configure:25128: checking if g++ supports stl <vector> (required)
configure:25155: g++ -c -O3 -Wall -Wno-deprecated  conftest.cpp >&5
configure:25161: $? = 0
configure:25181: result: yes
configure:25185: checking if g++ supports stl <list> (required)
configure:25212: g++ -c -O3 -Wall -Wno-deprecated  conftest.cpp >&5
configure:25218: $? = 0
configure:25238: result: yes
configure:25242: checking if g++ supports stl <map> (required)
configure:25269: g++ -c -O3 -Wall -Wno-deprecated  conftest.cpp >&5
configure:25275: $? = 0
configure:25295: result: yes
configure:25299: checking if g++ supports stl <set> (required)
configure:25326: g++ -c -O3 -Wall -Wno-deprecated  conftest.cpp >&5
configure:25332: $? = 0
configure:25352: result: yes
configure:25356: checking if g++ supports stl <queue> (required)
configure:25383: g++ -c -O3 -Wall -Wno-deprecated  conftest.cpp >&5
configure:25389: $? = 0
configure:25409: result: yes
configure:25413: checking if g++ supports stl <functional> (required)
configure:25440: g++ -c -O3 -Wall -Wno-deprecated  conftest.cpp >&5
configure:25446: $? = 0
configure:25466: result: yes
configure:25470: checking if g++ supports stl <algorithm> (required)
configure:25497: g++ -c -O3 -Wall -Wno-deprecated  conftest.cpp >&5
configure:25503: $? = 0
configure:25523: result: yes
configure:25527: checking if g++ supports stl <string> (required)
configure:25554: g++ -c -O3 -Wall -Wno-deprecated  conftest.cpp >&5
configure:25560: $? = 0
configure:25580: result: yes
configure:25584: checking if g++ supports stl <iostream> (required)
configure:25611: g++ -c -O3 -Wall -Wno-deprecated  conftest.cpp >&5
configure:25617: $? = 0
configure:25637: result: yes
configure:25642: checking if g++ supports stl <strstream> (required)
configure:25669: g++ -c -O3 -Wall -Wno-deprecated  conftest.cpp >&5
configure:25675: $? = 0
configure:25695: result: yes
configure:25699: checking if g++ supports stl <fstream> (required)
configure:25726: g++ -c -O3 -Wall -Wno-deprecated  conftest.cpp >&5
configure:25732: $? = 0
configure:25752: result: yes
configure:25758: checking if g++ supports template <class T> (required)
configure:25787: g++ -c -O3 -Wall -Wno-deprecated  conftest.cpp >&5
configure:25793: $? = 0
configure:25813: result: yes
configure:25817: checking if g++ supports const_cast<> (required)
configure:25845: g++ -c -O3 -Wall -Wno-deprecated  conftest.cpp >&5
conftest.cpp: In function 'int main()':
conftest.cpp:61: warning: unused variable 'c1'
configure:25851: $? = 0
configure:25871: result: yes
configure:25875: checking if g++ supports static_cast<> (required)
configure:25903: g++ -c -O3 -Wall -Wno-deprecated  conftest.cpp >&5
conftest.cpp: In function 'int main()':
conftest.cpp:61: warning: unused variable 'c1'
configure:25909: $? = 0
configure:25929: result: yes
configure:25933: checking if g++ supports dynamic_cast<> (required)
configure:25962: g++ -c -O3 -Wall -Wno-deprecated  conftest.cpp >&5
conftest.cpp: In function 'int main()':
conftest.cpp:62: warning: unused variable 'c1'
configure:25968: $? = 0
configure:25988: result: yes
configure:25992: checking if g++ supports reinterpret_cast<> (required)
configure:26019: g++ -c -O3 -Wall -Wno-deprecated  conftest.cpp >&5
conftest.cpp: In function 'int main()':
conftest.cpp:60: warning: unused variable 'p'
configure:26025: $? = 0
configure:26045: result: yes
configure:26049: checking if g++ supports exception handler (required)
configure:26082: g++ -c -O3 -Wall -Wno-deprecated  conftest.cpp >&5
conftest.cpp: In function 'int main()':
conftest.cpp:61: warning: unused variable 'i'
configure:26088: $? = 0
configure:26108: result: yes
configure:26112: checking if g++ supports namespaces (required) 
configure:26140: g++ -c -O3 -Wall -Wno-deprecated  conftest.cpp >&5
conftest.cpp: In function 'int main()':
conftest.cpp:61: warning: unused variable 'a'
configure:26146: $? = 0
configure:26165: result: yes
configure:26168: checking if g++ environment provides all required features
configure:26179: result: yes
configure:26322: creating ./config.status

## ---------------------- ##
## Running config.status. ##
## ---------------------- ##

This file was extended by config.status, which was
generated by GNU Autoconf 2.61.  Invocation command line was

  CONFIG_FILES    = 
  CONFIG_HEADERS  = 
  CONFIG_LINKS    = 
  CONFIG_COMMANDS = 
  $ ./config.status 

on ns1.yayakoshi.net

config.status:686: creating Makefile
config.status:686: creating src/Makefile
config.status:686: creating src/Makefile.msvc
config.status:686: creating man/Makefile
config.status:686: creating doc/Makefile
config.status:686: creating tests/Makefile
config.status:686: creating swig/version.h
config.status:686: creating mecab.iss
config.status:686: creating mecab-config
config.status:686: creating mecabrc
config.status:686: creating config.h
config.status:951: config.h is unchanged
config.status:997: executing depfiles commands
config.status:997: executing default commands

## ---------------- ##
## Cache variables. ##
## ---------------- ##

ac_cv_build=i686-pc-linux-gnu
ac_cv_c_bigendian=no
ac_cv_c_compiler_gnu=yes
ac_cv_c_const=yes
ac_cv_cxx_compiler_gnu=yes
ac_cv_env_CCC_set=
ac_cv_env_CCC_value=
ac_cv_env_CC_set=
ac_cv_env_CC_value=
ac_cv_env_CFLAGS_set=
ac_cv_env_CFLAGS_value=
ac_cv_env_CPPFLAGS_set=
ac_cv_env_CPPFLAGS_value=
ac_cv_env_CPP_set=
ac_cv_env_CPP_value=
ac_cv_env_CXXCPP_set=
ac_cv_env_CXXCPP_value=
ac_cv_env_CXXFLAGS_set=
ac_cv_env_CXXFLAGS_value=
ac_cv_env_CXX_set=
ac_cv_env_CXX_value=
ac_cv_env_F77_set=
ac_cv_env_F77_value=
ac_cv_env_FFLAGS_set=
ac_cv_env_FFLAGS_value=
ac_cv_env_LDFLAGS_set=
ac_cv_env_LDFLAGS_value=
ac_cv_env_LIBS_set=
ac_cv_env_LIBS_value=
ac_cv_env_build_alias_set=
ac_cv_env_build_alias_value=
ac_cv_env_host_alias_set=
ac_cv_env_host_alias_value=
ac_cv_env_target_alias_set=
ac_cv_env_target_alias_value=
ac_cv_f77_compiler_gnu=yes
ac_cv_func_getenv=yes
ac_cv_func_getpagesize=yes
ac_cv_func_mmap_fixed_mapped=yes
ac_cv_func_opendir=yes
ac_cv_func_setjmp=yes
ac_cv_header_ctype_h=yes
ac_cv_header_dirent_h=yes
ac_cv_header_dlfcn_h=yes
ac_cv_header_fcntl_h=yes
ac_cv_header_inttypes_h=yes
ac_cv_header_io_h=no
ac_cv_header_memory_h=yes
ac_cv_header_pthread_h=yes
ac_cv_header_setjmp_h=yes
ac_cv_header_stdc=yes
ac_cv_header_stdint_h=yes
ac_cv_header_stdlib_h=yes
ac_cv_header_string_h=yes
ac_cv_header_strings_h=yes
ac_cv_header_sys_mman_h=yes
ac_cv_header_sys_stat_h=yes
ac_cv_header_sys_times_h=yes
ac_cv_header_sys_types_h=yes
ac_cv_header_unistd_h=yes
ac_cv_header_windows_h=no
ac_cv_host=i686-pc-linux-gnu
ac_cv_lib_iconv_iconv_open=no
ac_cv_lib_pthread_pthread_create=yes
ac_cv_lib_pthread_pthread_join=yes
ac_cv_lib_pthread_pthread_mutex_lock=yes
ac_cv_lib_stdcpp_main=yes
ac_cv_objext=o
ac_cv_path_EGREP='/bin/grep -E'
ac_cv_path_GREP=/bin/grep
ac_cv_path_install='/usr/bin/install -c'
ac_cv_path_mkdir=/bin/mkdir
ac_cv_prog_AWK=gawk
ac_cv_prog_CPP='gcc -E'
ac_cv_prog_CXXCPP='g++ -E'
ac_cv_prog_ac_ct_AR=ar
ac_cv_prog_ac_ct_CC=gcc
ac_cv_prog_ac_ct_CXX=g++
ac_cv_prog_ac_ct_F77=gfortran
ac_cv_prog_ac_ct_RANLIB=ranlib
ac_cv_prog_ac_ct_STRIP=strip
ac_cv_prog_cc_c89=
ac_cv_prog_cc_g=yes
ac_cv_prog_cxx_g=yes
ac_cv_prog_f77_g=yes
ac_cv_prog_gcc_traditional=no
ac_cv_prog_make_make_set=yes
ac_cv_search_strerror='none required'
ac_cv_sizeof_char=1
ac_cv_sizeof_int=4
ac_cv_sizeof_long=4
ac_cv_sizeof_long_long=8
ac_cv_sizeof_short=2
ac_cv_sizeof_size_t=4
ac_cv_type_char=yes
ac_cv_type_int=yes
ac_cv_type_long=yes
ac_cv_type_long_long=yes
ac_cv_type_off_t=yes
ac_cv_type_short=yes
ac_cv_type_size_t=yes
acl_cv_hardcode_direct=no
acl_cv_hardcode_libdir_flag_spec='${wl}-rpath ${wl}$libdir'
acl_cv_hardcode_libdir_separator=
acl_cv_hardcode_minus_L=no
acl_cv_libext=a
acl_cv_path_LD=/usr/bin/ld
acl_cv_prog_gnu_ld=yes
acl_cv_rpath=done
acl_cv_shlibext=so
acl_cv_wl=-Wl,
am_cv_CC_dependencies_compiler_type=none
am_cv_CXX_dependencies_compiler_type=none
am_cv_func_iconv=yes
am_cv_lib_iconv=no
am_cv_proto_iconv='extern size_t iconv (iconv_t cd, char * *inbuf, size_t *inbytesleft, char * *outbuf, size_t *outbytesleft);'
am_cv_proto_iconv_arg1=
lt_cv_deplibs_check_method=pass_all
lt_cv_file_magic_cmd='$MAGIC_CMD'
lt_cv_file_magic_test_file=
lt_cv_ld_reload_flag=-r
lt_cv_objdir=.libs
lt_cv_path_LD=/usr/bin/ld
lt_cv_path_LDCXX=/usr/bin/ld
lt_cv_path_NM='/usr/bin/nm -B'
lt_cv_path_SED=/bin/sed
lt_cv_prog_compiler_c_o=yes
lt_cv_prog_compiler_c_o_CXX=yes
lt_cv_prog_compiler_c_o_F77=yes
lt_cv_prog_compiler_rtti_exceptions=no
lt_cv_prog_gnu_ld=yes
lt_cv_prog_gnu_ldcxx=yes
lt_cv_sys_global_symbol_pipe='sed -n -e '\''s/^.*[ 	]\([ABCDGIRSTW][ABCDGIRSTW]*\)[ 	][ 	]*\([_A-Za-z][_A-Za-z0-9]*\)$/\1 \2 \2/p'\'''
lt_cv_sys_global_symbol_to_c_name_address='sed -n -e '\''s/^: \([^ ]*\) $/  {\"\1\", (lt_ptr) 0},/p'\'' -e '\''s/^[BCDEGRST] \([^ ]*\) \([^ ]*\)$/  {"\2", (lt_ptr) \&\2},/p'\'''
lt_cv_sys_global_symbol_to_cdecl='sed -n -e '\''s/^. .* \(.*\)$/extern int \1;/p'\'''
lt_cv_sys_max_cmd_len=1966080
lt_lt_cv_prog_compiler_c_o='"yes"'
lt_lt_cv_prog_compiler_c_o_CXX='"yes"'
lt_lt_cv_prog_compiler_c_o_F77='"yes"'
lt_lt_cv_sys_global_symbol_pipe='"sed -n -e '\''s/^.*[ 	]\\([ABCDGIRSTW][ABCDGIRSTW]*\\)[ 	][ 	]*\\([_A-Za-z][_A-Za-z0-9]*\\)\$/\\1 \\2 \\2/p'\''"'
lt_lt_cv_sys_global_symbol_to_c_name_address='"sed -n -e '\''s/^: \\([^ ]*\\) \$/  {\\\"\\1\\\", (lt_ptr) 0},/p'\'' -e '\''s/^[BCDEGRST] \\([^ ]*\\) \\([^ ]*\\)\$/  {\"\\2\", (lt_ptr) \\&\\2},/p'\''"'
lt_lt_cv_sys_global_symbol_to_cdecl='"sed -n -e '\''s/^. .* \\(.*\\)\$/extern int \\1;/p'\''"'

## ----------------- ##
## Output variables. ##
## ----------------- ##

ACLOCAL='${SHELL} /home/akira/mozilla/src/extensions/furiganainjector/XPCOM_src/mecab-0.97/missing --run aclocal-1.10'
AMDEPBACKSLASH='\'
AMDEP_FALSE='#'
AMDEP_TRUE=''
AMTAR='${SHELL} /home/akira/mozilla/src/extensions/furiganainjector/XPCOM_src/mecab-0.97/missing --run tar'
AR='ar'
AS='as'
AUTOCONF='${SHELL} /home/akira/mozilla/src/extensions/furiganainjector/XPCOM_src/mecab-0.97/missing --run autoconf'
AUTOHEADER='${SHELL} /home/akira/mozilla/src/extensions/furiganainjector/XPCOM_src/mecab-0.97/missing --run autoheader'
AUTOMAKE='${SHELL} /home/akira/mozilla/src/extensions/furiganainjector/XPCOM_src/mecab-0.97/missing --run automake-1.10'
AWK='gawk'
CC='gcc'
CCDEPMODE='depmode=none'
CFLAGS='-O3 -Wall -Wno-deprecated'
CHARSET='euc'
CPP='gcc -E'
CPPFLAGS=''
CXX='g++'
CXXCPP='g++ -E'
CXXDEPMODE='depmode=none'
CXXFLAGS='-O3 -Wall -Wno-deprecated'
CYGPATH_W='echo'
DEFS='-DHAVE_CONFIG_H'
DEPDIR='.deps'
DIC_VERSION='102'
DLLTOOL='dlltool'
ECHO='echo'
ECHO_C=''
ECHO_N='-n'
ECHO_T=''
EGREP='/bin/grep -E'
EXEEXT=''
F77='gfortran'
FFLAGS='-g -O2'
GREP='/bin/grep'
INSTALL_DATA='${INSTALL} -m 644'
INSTALL_PROGRAM='${INSTALL}'
INSTALL_SCRIPT='${INSTALL}'
INSTALL_STRIP_PROGRAM='$(install_sh) -c -s'
LDFLAGS=''
LIBICONV=''
LIBOBJS=''
LIBS='-lpthread -lpthread -lpthread  -lstdc++ '
LIBTOOL='$(SHELL) $(top_builddir)/libtool'
LN_S='ln -s'
LTLIBICONV=''
LTLIBOBJS=''
LTVERSION='1:0:0'
MAKEINFO='${SHELL} /home/akira/mozilla/src/extensions/furiganainjector/XPCOM_src/mecab-0.97/missing --run makeinfo'
MECAB_DEFAULT_RC='${prefix}/etc/mecabrc'
MECAB_LIBEXEC_DIR='${exec_prefix}/libexec/mecab'
MECAB_LIBS='-lstdc++ '
MECAB_USE_UTF8_ONLY=''
MECAB_WITHOUT_MUTEX_LOCK=''
MECAB_WITHOUT_SHARE_DIC=''
OBJDUMP='objdump'
OBJEXT='o'
PACKAGE='mecab'
PACKAGE_BUGREPORT=''
PACKAGE_NAME=''
PACKAGE_STRING=''
PACKAGE_TARNAME=''
PACKAGE_VERSION=''
PATH_SEPARATOR=':'
RANLIB='ranlib'
SED='/bin/sed'
SET_MAKE=''
SHELL='/bin/sh'
STRIP='strip'
VERSION='0.97'
ac_ct_CC='gcc'
ac_ct_CXX='g++'
ac_ct_F77='gfortran'
am__fastdepCC_FALSE=''
am__fastdepCC_TRUE='#'
am__fastdepCXX_FALSE=''
am__fastdepCXX_TRUE='#'
am__include='include'
am__isrc=''
am__leading_dot='.'
am__quote=''
am__tar='${AMTAR} chof - "$$tardir"'
am__untar='${AMTAR} xf -'
bindir='${exec_prefix}/bin'
build='i686-pc-linux-gnu'
build_alias=''
build_cpu='i686'
build_os='linux-gnu'
build_vendor='pc'
datadir='${datarootdir}'
datarootdir='${prefix}/share'
docdir='${datarootdir}/doc/${PACKAGE}'
dvidir='${docdir}'
exec_prefix='${prefix}'
host='i686-pc-linux-gnu'
host_alias=''
host_cpu='i686'
host_os='linux-gnu'
host_vendor='pc'
htmldir='${docdir}'
includedir='${prefix}/include'
infodir='${datarootdir}/info'
install_sh='$(SHELL) /home/akira/mozilla/src/extensions/furiganainjector/XPCOM_src/mecab-0.97/install-sh'
libdir='${exec_prefix}/lib'
libexecdir='${exec_prefix}/libexec'
localedir='${datarootdir}/locale'
localstatedir='${prefix}/var'
mandir='${datarootdir}/man'
mkdir_p='/bin/mkdir -p'
oldincludedir='/usr/include'
pdfdir='${docdir}'
prefix='/usr/local'
program_transform_name='s,x,x,'
psdir='${docdir}'
sbindir='${exec_prefix}/sbin'
sharedstatedir='${prefix}/com'
sysconfdir='${prefix}/etc'
target_alias=''

## ----------- ##
## confdefs.h. ##
## ----------- ##

#define PACKAGE_NAME ""
#define PACKAGE_TARNAME ""
#define PACKAGE_VERSION ""
#define PACKAGE_STRING ""
#define PACKAGE_BUGREPORT ""
#define PACKAGE "mecab"
#define VERSION "0.97"
#define STDC_HEADERS 1
#define HAVE_SYS_TYPES_H 1
#define HAVE_SYS_STAT_H 1
#define HAVE_STDLIB_H 1
#define HAVE_STRING_H 1
#define HAVE_MEMORY_H 1
#define HAVE_STRINGS_H 1
#define HAVE_INTTYPES_H 1
#define HAVE_STDINT_H 1
#define HAVE_UNISTD_H 1
#define HAVE_DLFCN_H 1
#define HAVE_ICONV 1
#define ICONV_CONST 
#define STDC_HEADERS 1
#define HAVE_STRING_H 1
#define HAVE_STDLIB_H 1
#define HAVE_UNISTD_H 1
#define HAVE_FCNTL_H 1
#define HAVE_SYS_STAT_H 1
#define HAVE_SYS_MMAN_H 1
#define HAVE_SYS_TIMES_H 1
#define HAVE_SYS_TYPES_H 1
#define HAVE_DIRENT_H 1
#define HAVE_CTYPE_H 1
#define HAVE_SYS_TYPES_H 1
#define HAVE_PTHREAD_H 1
#define HAVE_SETJMP_H 1
#define SIZEOF_CHAR 1
#define SIZEOF_SHORT 2
#define SIZEOF_INT 4
#define SIZEOF_LONG 4
#define SIZEOF_LONG_LONG 8
#define SIZEOF_SIZE_T 4
#define HAVE_STDLIB_H 1
#define HAVE_UNISTD_H 1
#define HAVE_GETPAGESIZE 1
#define HAVE_MMAP 1
#define HAVE_LIBPTHREAD 1
#define HAVE_LIBPTHREAD 1
#define HAVE_LIBPTHREAD 1
#define HAVE_GETENV 1
#define HAVE_OPENDIR 1
#define HAVE_SETJMP 1

configure: exit 0
